This is pdfTeX, Version 3.1415926-2.5-1.40.14 (TeX Live 2013) (format=pdflatex 2013.5.30)  27 SEP 2013 12:52
entering extended mode
 restricted \write18 enabled.
 %&-line parsing enabled.
**PartialEQinMathematica.tex -recorder
(./PartialEQinMathematica.tex
LaTeX2e <2011/06/27>
Babel <3.9f> and hyphenation patterns for 78 languages loaded.
(/usr/local/texlive/2013/texmf-dist/tex/latex/base/article.cls
Document Class: article 2007/10/19 v1.4h Standard LaTeX document class
(/usr/local/texlive/2013/texmf-dist/tex/latex/base/size10.clo
File: size10.clo 2007/10/19 v1.4h Standard LaTeX file (size option)
)
\c@part=\count79
\c@section=\count80
\c@subsection=\count81
\c@subsubsection=\count82
\c@paragraph=\count83
\c@subparagraph=\count84
\c@figure=\count85
\c@table=\count86
\abovecaptionskip=\skip41
\belowcaptionskip=\skip42
\bibindent=\dimen102
)
(/usr/local/texlive/2013/texmf-dist/tex/latex/base/fixltx2e.sty
Package: fixltx2e 2006/09/13 v1.1m fixes to LaTeX
LaTeX Info: Redefining \em on input line 420.
)
(/usr/local/texlive/2013/texmf-dist/tex/latex/float/float.sty
Package: float 2001/11/08 v1.3d Float enhancements (AL)
\c@float@type=\count87
\float@exts=\toks14
\float@box=\box26
\@float@everytoks=\toks15
\@floatcapt=\box27
)
(/usr/local/texlive/2013/texmf-dist/tex/latex/amsmath/amsmath.sty
Package: amsmath 2013/01/14 v2.14 AMS math features
\@mathmargin=\skip43

For additional information on amsmath, use the `?' option.
(/usr/local/texlive/2013/texmf-dist/tex/latex/amsmath/amstext.sty
Package: amstext 2000/06/29 v2.01

(/usr/local/texlive/2013/texmf-dist/tex/latex/amsmath/amsgen.sty
File: amsgen.sty 1999/11/30 v2.0
\@emptytoks=\toks16
\ex@=\dimen103
))
(/usr/local/texlive/2013/texmf-dist/tex/latex/amsmath/amsbsy.sty
Package: amsbsy 1999/11/29 v1.2d
\pmbraise@=\dimen104
)
(/usr/local/texlive/2013/texmf-dist/tex/latex/amsmath/amsopn.sty
Package: amsopn 1999/12/14 v2.01 operator names
)
\inf@bad=\count88
LaTeX Info: Redefining \frac on input line 210.
\uproot@=\count89
\leftroot@=\count90
LaTeX Info: Redefining \overline on input line 306.
\classnum@=\count91
\DOTSCASE@=\count92
LaTeX Info: Redefining \ldots on input line 378.
LaTeX Info: Redefining \dots on input line 381.
LaTeX Info: Redefining \cdots on input line 466.
\Mathstrutbox@=\box28
\strutbox@=\box29
\big@size=\dimen105
LaTeX Font Info:    Redeclaring font encoding OML on input line 566.
LaTeX Font Info:    Redeclaring font encoding OMS on input line 567.
\macc@depth=\count93
\c@MaxMatrixCols=\count94
\dotsspace@=\muskip10
\c@parentequation=\count95
\dspbrk@lvl=\count96
\tag@help=\toks17
\row@=\count97
\column@=\count98
\maxfields@=\count99
\andhelp@=\toks18
\eqnshift@=\dimen106
\alignsep@=\dimen107
\tagshift@=\dimen108
\tagwidth@=\dimen109
\totwidth@=\dimen110
\lineht@=\dimen111
\@envbody=\toks19
\multlinegap=\skip44
\multlinetaggap=\skip45
\mathdisplay@stack=\toks20
LaTeX Info: Redefining \[ on input line 2665.
LaTeX Info: Redefining \] on input line 2666.
)
(/usr/local/texlive/2013/texmf-dist/tex/latex/graphics/graphicx.sty
Package: graphicx 1999/02/16 v1.0f Enhanced LaTeX Graphics (DPC,SPQR)

(/usr/local/texlive/2013/texmf-dist/tex/latex/graphics/keyval.sty
Package: keyval 1999/03/16 v1.13 key=value parser (DPC)
\KV@toks@=\toks21
)
(/usr/local/texlive/2013/texmf-dist/tex/latex/graphics/graphics.sty
Package: graphics 2009/02/05 v1.0o Standard LaTeX Graphics (DPC,SPQR)

(/usr/local/texlive/2013/texmf-dist/tex/latex/graphics/trig.sty
Package: trig 1999/03/16 v1.09 sin cos tan (DPC)
)
(/usr/local/texlive/2013/texmf-dist/tex/latex/latexconfig/graphics.cfg
File: graphics.cfg 2010/04/23 v1.9 graphics configuration of TeX Live
)
Package graphics Info: Driver file: pdftex.def on input line 91.

(/usr/local/texlive/2013/texmf-dist/tex/latex/pdftex-def/pdftex.def
File: pdftex.def 2011/05/27 v0.06d Graphics/color for pdfTeX

(/usr/local/texlive/2013/texmf-dist/tex/generic/oberdiek/infwarerr.sty
Package: infwarerr 2010/04/08 v1.3 Providing info/warning/error messages (HO)
)
(/usr/local/texlive/2013/texmf-dist/tex/generic/oberdiek/ltxcmds.sty
Package: ltxcmds 2011/11/09 v1.22 LaTeX kernel commands for general use (HO)
)
\Gread@gobject=\count100
))
\Gin@req@height=\dimen112
\Gin@req@width=\dimen113
)
(/usr/local/texlive/2013/texmf-dist/tex/latex/geometry/geometry.sty
Package: geometry 2010/09/12 v5.6 Page Geometry

(/usr/local/texlive/2013/texmf-dist/tex/generic/oberdiek/ifpdf.sty
Package: ifpdf 2011/01/30 v2.3 Provides the ifpdf switch (HO)
Package ifpdf Info: pdfTeX in PDF mode is detected.
)
(/usr/local/texlive/2013/texmf-dist/tex/generic/oberdiek/ifvtex.sty
Package: ifvtex 2010/03/01 v1.5 Detect VTeX and its facilities (HO)
Package ifvtex Info: VTeX not detected.
)
(/usr/local/texlive/2013/texmf-dist/tex/generic/ifxetex/ifxetex.sty
Package: ifxetex 2010/09/12 v0.6 Provides ifxetex conditional
)
\Gm@cnth=\count101
\Gm@cntv=\count102
\c@Gm@tempcnt=\count103
\Gm@bindingoffset=\dimen114
\Gm@wd@mp=\dimen115
\Gm@odd@mp=\dimen116
\Gm@even@mp=\dimen117
\Gm@layoutwidth=\dimen118
\Gm@layoutheight=\dimen119
\Gm@layouthoffset=\dimen120
\Gm@layoutvoffset=\dimen121
\Gm@dimlist=\toks22
)
(./PartialEQinMathematica.aux)
\openout1 = `PartialEQinMathematica.aux'.

LaTeX Font Info:    Checking defaults for OML/cmm/m/it on input line 14.
LaTeX Font Info:    ... okay on input line 14.
LaTeX Font Info:    Checking defaults for T1/cmr/m/n on input line 14.
LaTeX Font Info:    ... okay on input line 14.
LaTeX Font Info:    Checking defaults for OT1/cmr/m/n on input line 14.
LaTeX Font Info:    ... okay on input line 14.
LaTeX Font Info:    Checking defaults for OMS/cmsy/m/n on input line 14.
LaTeX Font Info:    ... okay on input line 14.
LaTeX Font Info:    Checking defaults for OMX/cmex/m/n on input line 14.
LaTeX Font Info:    ... okay on input line 14.
LaTeX Font Info:    Checking defaults for U/cmr/m/n on input line 14.
LaTeX Font Info:    ... okay on input line 14.

(/usr/local/texlive/2013/texmf-dist/tex/context/base/supp-pdf.mkii
[Loading MPS to PDF converter (version 2006.09.02).]
\scratchcounter=\count104
\scratchdimen=\dimen122
\scratchbox=\box30
\nofMPsegments=\count105
\nofMParguments=\count106
\everyMPshowfont=\toks23
\MPscratchCnt=\count107
\MPscratchDim=\dimen123
\MPnumerator=\count108
\makeMPintoPDFobject=\count109
\everyMPtoPDFconversion=\toks24
) (/usr/local/texlive/2013/texmf-dist/tex/generic/oberdiek/pdftexcmds.sty
Package: pdftexcmds 2011/11/29 v0.20 Utility functions of pdfTeX for LuaTeX (HO
)

(/usr/local/texlive/2013/texmf-dist/tex/generic/oberdiek/ifluatex.sty
Package: ifluatex 2010/03/01 v1.3 Provides the ifluatex switch (HO)
Package ifluatex Info: LuaTeX not detected.
)
Package pdftexcmds Info: LuaTeX not detected.
Package pdftexcmds Info: \pdf@primitive is available.
Package pdftexcmds Info: \pdf@ifprimitive is available.
Package pdftexcmds Info: \pdfdraftmode found.
)
(/usr/local/texlive/2013/texmf-dist/tex/latex/oberdiek/epstopdf-base.sty
Package: epstopdf-base 2010/02/09 v2.5 Base part for package epstopdf

(/usr/local/texlive/2013/texmf-dist/tex/latex/oberdiek/grfext.sty
Package: grfext 2010/08/19 v1.1 Manage graphics extensions (HO)

(/usr/local/texlive/2013/texmf-dist/tex/generic/oberdiek/kvdefinekeys.sty
Package: kvdefinekeys 2011/04/07 v1.3 Define keys (HO)
))
(/usr/local/texlive/2013/texmf-dist/tex/latex/oberdiek/kvoptions.sty
Package: kvoptions 2011/06/30 v3.11 Key value format for package options (HO)

(/usr/local/texlive/2013/texmf-dist/tex/generic/oberdiek/kvsetkeys.sty
Package: kvsetkeys 2012/04/25 v1.16 Key value parser (HO)

(/usr/local/texlive/2013/texmf-dist/tex/generic/oberdiek/etexcmds.sty
Package: etexcmds 2011/02/16 v1.5 Avoid name clashes with e-TeX commands (HO)
Package etexcmds Info: Could not find \expanded.
(etexcmds)             That can mean that you are not using pdfTeX 1.50 or
(etexcmds)             that some package has redefined \expanded.
(etexcmds)             In the latter case, load this package earlier.
)))
Package grfext Info: Graphics extension search list:
(grfext)             [.png,.pdf,.jpg,.mps,.jpeg,.jbig2,.jb2,.PNG,.PDF,.JPG,.JPE
G,.JBIG2,.JB2,.eps]
(grfext)             \AppendGraphicsExtensions on input line 452.

(/usr/local/texlive/2013/texmf-dist/tex/latex/latexconfig/epstopdf-sys.cfg
File: epstopdf-sys.cfg 2010/07/13 v1.3 Configuration of (r)epstopdf for TeX Liv
e
))
*geometry* driver: auto-detecting
*geometry* detected driver: pdftex
*geometry* verbose mode - [ preamble ] result:
* driver: pdftex
* paper: <default>
* layout: <same size as paper>
* layoutoffset:(h,v)=(0.0pt,0.0pt)
* modes: 
* h-part:(L,W,R)=(72.26999pt, 469.75502pt, 72.26999pt)
* v-part:(T,H,B)=(72.26999pt, 650.43001pt, 72.26999pt)
* \paperwidth=614.295pt
* \paperheight=794.96999pt
* \textwidth=469.75502pt
* \textheight=650.43001pt
* \oddsidemargin=0.0pt
* \evensidemargin=0.0pt
* \topmargin=-37.0pt
* \headheight=12.0pt
* \headsep=25.0pt
* \topskip=10.0pt
* \footskip=30.0pt
* \marginparwidth=65.0pt
* \marginparsep=11.0pt
* \columnsep=10.0pt
* \skip\footins=9.0pt plus 4.0pt minus 2.0pt
* \hoffset=0.0pt
* \voffset=0.0pt
* \mag=1000
* \@twocolumnfalse
* \@twosidefalse
* \@mparswitchfalse
* \@reversemarginfalse
* (1in=72.27pt=25.4mm, 1cm=28.453pt)

[1

{/usr/local/texlive/2013/texmf-var/fonts/map/pdftex/updmap/pdftex.map}]
<Figures/CobbDouglas.png, id=9, 361.35pt x 359.3425pt>
File: Figures/CobbDouglas.png Graphic file (type png)

<use Figures/CobbDouglas.png>
Package pdftex.def Info: Figures/CobbDouglas.png used on input line 42.
(pdftex.def)             Requested size: 180.67456pt x 179.6708pt.

<Figures/CES.png, id=10, 372.39125pt x 310.15875pt>
File: Figures/CES.png Graphic file (type png)
 <use Figures/CES.png>
Package pdftex.def Info: Figures/CES.png used on input line 60.
(pdftex.def)             Requested size: 186.19516pt x 155.079pt.

<Figures/Leontief.png, id=11, 361.35pt x 359.3425pt>
File: Figures/Leontief.png Graphic file (type png)

<use Figures/Leontief.png>
Package pdftex.def Info: Figures/Leontief.png used on input line 79.
(pdftex.def)             Requested size: 180.67456pt x 179.6708pt.
 [2 <./Figures/CobbDouglas.png (PNG copy)>] [3 <./Figures/CES.png (PNG copy)> <
./Figures/Leontief.png (PNG copy)>]
<Figures/x1Demand.png, id=28, 361.35pt x 243.91125pt>
File: Figures/x1Demand.png Graphic file (type png)

<use Figures/x1Demand.png>
Package pdftex.def Info: Figures/x1Demand.png used on input line 119.
(pdftex.def)             Requested size: 271.01184pt x 182.93298pt.
 [4 <./Figures/x1Demand.png (PNG copy)>]
<Figures/LaborDemand.png, id=32, 361.35pt x 243.91125pt>
File: Figures/LaborDemand.png Graphic file (type png)

<use Figures/LaborDemand.png>
Package pdftex.def Info: Figures/LaborDemand.png used on input line 143.
(pdftex.def)             Requested size: 271.01184pt x 182.93298pt.

<Figures/Supply.png, id=33, 361.35pt x 243.91125pt>
File: Figures/Supply.png Graphic file (type png)
 <use Figures/Supply.png>
Package pdftex.def Info: Figures/Supply.png used on input line 156.
(pdftex.def)             Requested size: 271.01184pt x 182.93298pt.

[5 <./Figures/LaborDemand.png (PNG copy)> <./Figures/Supply.png (PNG copy)>]
<Figures/MarketEquilT.png, id=38, 361.35pt x 252.945pt>
File: Figures/MarketEquilT.png Graphic file (type png)

<use Figures/MarketEquilT.png>
Package pdftex.def Info: Figures/MarketEquilT.png used on input line 174.
(pdftex.def)             Requested size: 271.01184pt x 189.70828pt.

<Figures/MarketEquilBeta.png, id=39, 361.35pt x 252.945pt>
File: Figures/MarketEquilBeta.png Graphic file (type png)

<use Figures/MarketEquilBeta.png>
Package pdftex.def Info: Figures/MarketEquilBeta.png used on input line 183.
(pdftex.def)             Requested size: 271.01184pt x 189.70828pt.
 [6 <./Figures/MarketEquilT.png (PNG copy)> <./Figures/MarketEquilBeta.png (PNG
 copy)>] [7]
Missing character: There is no â in font cmr10!
Missing character: There is no € in font cmr10!
Missing character: There is no “ in font cmr10!
 [8] (./PartialEQinMathematica.aux) ) 
Here is how much of TeX's memory you used:
 2697 strings out of 493315
 37560 string characters out of 6137904
 108128 words of memory out of 5000000
 6113 multiletter control sequences out of 15000+600000
 9230 words of font info for 34 fonts, out of 8000000 for 9000
 957 hyphenation exceptions out of 8191
 38i,9n,32p,555b,263s stack positions out of 5000i,500n,10000p,200000b,80000s
</usr/local/texlive/2013/texmf-dist/fonts/
type1/public/amsfonts/cm/cmbx10.pfb></usr/local/texlive/2013/texmf-dist/fonts/t
ype1/public/amsfonts/cm/cmbx12.pfb></usr/local/texlive/2013/texmf-dist/fonts/ty
pe1/public/amsfonts/cm/cmmi10.pfb></usr/local/texlive/2013/texmf-dist/fonts/typ
e1/public/amsfonts/cm/cmmi5.pfb></usr/local/texlive/2013/texmf-dist/fonts/type1
/public/amsfonts/cm/cmmi7.pfb></usr/local/texlive/2013/texmf-dist/fonts/type1/p
ublic/amsfonts/cm/cmr10.pfb></usr/local/texlive/2013/texmf-dist/fonts/type1/pub
lic/amsfonts/cm/cmr12.pfb></usr/local/texlive/2013/texmf-dist/fonts/type1/publi
c/amsfonts/cm/cmr17.pfb></usr/local/texlive/2013/texmf-dist/fonts/type1/public/
amsfonts/cm/cmr5.pfb></usr/local/texlive/2013/texmf-dist/fonts/type1/public/ams
fonts/cm/cmr7.pfb></usr/local/texlive/2013/texmf-dist/fonts/type1/public/amsfon
ts/cm/cmsy10.pfb></usr/local/texlive/2013/texmf-dist/fonts/type1/public/amsfont
s/cm/cmsy5.pfb></usr/local/texlive/2013/texmf-dist/fonts/type1/public/amsfonts/
cm/cmsy7.pfb></usr/local/texlive/2013/texmf-dist/fonts/type1/public/amsfonts/cm
/cmti10.pfb></usr/local/texlive/2013/texmf-dist/fonts/type1/public/amsfonts/cm/
cmtt10.pfb>
Output written on PartialEQinMathematica.pdf (8 pages, 290758 bytes).
PDF statistics:
 99 PDF objects out of 1000 (max. 8388607)
 65 compressed objects within 1 object stream
 0 named destinations out of 1000 (max. 500000)
 41 words of extra memory for PDF output out of 10000 (max. 10000000)

